installHook.js:1 gd-perf.js: Error in measure 'measure_backend_time': InvalidAccessError: Failed to execute 'measure' on 'Performance': 'responseEnd' is empty: either the event hasn't happened yet, or it would provide cross-origin timing information.
overrideMethod @ installHook.js:1
core-f3b59ade37ac2466.min.js:2 ⏳ measure_site_init: 961.1ms
core-f3b59ade37ac2466.min.js:2 ⏳ measure_core_bottom: 7.1ms
sw-register-798e02d10b3e873d.min.js:1 SR cached
core-f3b59ade37ac2466.min.js:2 Event: SW: success [cached] true
sw-register-798e02d10b3e873d.min.js:1 SR redundant
core-f3b59ade37ac2466.min.js:2 Event: SW: success [redundant] true
7076-b1e3ba89cd31d6a7.js:1 [experiments-client] No variant assigned to flag: remove-date-from-jobs-card-jx-12346 experiment:  warn
 A preload for 'https://unpkg.com/@dotlottie/player-component@2.7.12/dist/dotlottie-player.mjs' is found, but is not used because the request credentials mode does not match. Consider taking a look at crossorigin attribute.
init.js:3 [JHA-Glassdoor] content script loaded https://www.glassdoor.ca/Job/canada-software-engineer-jobs-SRCH_IL.0,6_IN3_KO7,24.htm?fromAge=1&sortBy=date_desc
page.js:61 [JHA-Glassdoor] scanning page 1
page.js:103 [JHA-Glassdoor] found 30 new cards on page 1
canada-software-engineer-jobs-SRCH_IL.0,6_IN3_KO7,24.htm?fromAge=1&sortBy=date_desc:1 Access to fetch at 'https://fr.glassdoor.ca/job-listing/reactjs-developer-spectra-group-JV_KO0,17_KE18,31.htm?jl=1010199585358' from origin 'https://www.glassdoor.ca' has been blocked by CORS policy: Response to preflight request doesn't pass access control check: No 'Access-Control-Allow-Origin' header is present on the requested resource.
fr.glassdoor.ca/job-listing/reactjs-developer-spectra-group-JV_KO0,17_KE18,31.htm?jl=1010199585358:1  Failed to load resource: net::ERR_FAILED
fetch_jd.js:578 [JHA-Glassdoor] fetch_jd: attempt 1 failed for jl=1010199585358 url=https://fr.glassdoor.ca/job-listing/reactjs-developer-spectra-group-JV_KO0,17_KE18,31.htm?jl=1010199585358 (TypeError) — retrying in 2s
fetchGlassdoorJD @ fetch_jd.js:578
VM2285:1 [Amplitude SR] Appending script...
VM2484:6 Object
VM2484:6 Object
VM2484:6 userId's match
VM2484:3 DL:user registration date,user registration month,user email id,glassdoor admin,locked state,user role,glassdoor employee,community id,employer role,indeed admin,linked indeed user account,color scheme,is validated,is contributor,has occupation,fbclid,ttclid,gclid,rdt_cid,li_fat_id,msclkid
VM2484:3 RS:locked state,color scheme,is validated,community id
VM2484:4 locked state:open
VM2484:4 community id:69f5a369bd6bbb8798c32766
VM2484:4 community id:69f5a369bd6bbb8798c32766
VM2484:4 community id:69f5a369bd6bbb8798c32766
VM2484:4 community id:69f5a369bd6bbb8798c32766
VM2484:4 color scheme:Dark
VM2484:4 color scheme:Dark
VM2484:4 is validated:true
VM2484:4 is validated:true
VM2484:4 is validated:true
VM2484:6 user traits match
VM2570:1 [Core Web Vitals] Beginning tag 'CHTML - Core Web Vitals - Initialization'
VM2570:1 [Core Web Vitals] Beginning to load Web Vitals script
VM2570:8 [Core Web Vitals] Ending tag 'Core Web Vitals - Initialization'
VM2575:16 [Core Web Vitals] webVitals and / or webVitals.flushQueue not present (K); false false
7076-b1e3ba89cd31d6a7.js:1 [experiments-client] No variant assigned to flag: resume-suggestions-on-jobs-listings-jx-12244 experiment:  warn
VM3582:6 Object
VM3582:6 Object
VM3582:6 userId's match
VM3582:3 DL:user registration date,user registration month,user email id,glassdoor admin,locked state,user role,glassdoor employee,community id,employer role,indeed admin,linked indeed user account,color scheme,is validated,is contributor,has occupation,fbclid,ttclid,gclid,rdt_cid,li_fat_id,msclkid
VM3582:3 RS:locked state,color scheme,is validated,community id
VM3582:4 locked state:open
VM3582:4 community id:69f5a369bd6bbb8798c32766
VM3582:4 community id:69f5a369bd6bbb8798c32766
VM3582:4 community id:69f5a369bd6bbb8798c32766
VM3582:4 community id:69f5a369bd6bbb8798c32766
VM3582:4 color scheme:Dark
VM3582:4 color scheme:Dark
VM3582:4 is validated:true
VM3582:4 is validated:true
VM3582:4 is validated:true
VM3582:6 user traits match
VM3668:1 [Core Web Vitals] Beginning tag 'CHTML - Core Web Vitals - Initialization'
VM3668:1 [Core Web Vitals] Skipping load for CWV script because not on RS initialization event and / or already began loading script
VM3668:8 [Core Web Vitals] Ending tag 'Core Web Vitals - Initialization'
VM3671:16 [Core Web Vitals] webVitals and / or webVitals.flushQueue not present (K); true false
VM2570:2 [Core Web Vitals] Loaded Web Vitals script
installHook.js:1 Amplitude Logger [Warn]: [session-replay-browser] omitting selector "class*="EmployersDropdown-module__selectedEmployer"]" because it is invalid
overrideMethod @ installHook.js:1
installHook.js:1 Amplitude Logger [Warn]: [session-replay-browser] omitting selector "class*="EmployersDropdown-module__selectedEmployer"] *" because it is invalid
overrideMethod @ installHook.js:1
VM2570:3 [Core Web Vitals] Adding to queue: {"name":"TTFB","value":768.9000000059605,"rating":"good","delta":768.9000000059605,"entries":[{"name":"https://www.glassdoor.ca/Job/canada-software-engineer-jobs-SRCH_IL.0,6_IN3_KO7,24.htm?fromAge=1&sortBy=date_desc","entryType":"navigation","startTime":0,"duration":3425.9000000059605,"initiatorType":"navigation","deliveryType":"","nextHopProtocol":"h3","renderBlockingStatus":"non-blocking","contentType":"text/html","contentEncoding":"br","workerStart":0,"workerRouterEvaluationStart":0,"workerCacheLookupStart":0,"workerMatchedSourceType":"","workerFinalSourceType":"","redirectStart":0,"redirectEnd":0,"fetchStart":3.6000000089406967,"domainLookupStart":34.5,"domainLookupEnd":73.20000000298023,"connectStart":73.20000000298023,"secureConnectionStart":74.5,"connectEnd":187,"requestStart":75.29999999701977,"responseStart":768.9000000059605,"firstInterimResponseStart":0,"finalResponseHeadersStart":768.9000000059605,"responseEnd":1205.2000000029802,"transferSize":113530,"encodedBodySize":113230,"decodedBodySize":797350,"responseStatus":200,"serverTiming":[{"name":"cfCacheStatus","duration":0,"description":"DYNAMIC"},{"name":"cfEdge","duration":79,"description":""},{"name":"cfOrigin","duration":504,"description":""},{"name":"cfExtPri","duration":0,"description":""}],"unloadEventStart":0,"unloadEventEnd":0,"domInteractive":1222.9000000059605,"domContentLoadedEventStart":1230.9000000059605,"domContentLoadedEventEnd":1231.1000000089407,"domComplete":3419.2999999970198,"loadEventStart":3425.5,"loadEventEnd":3425.9000000059605,"type":"navigate","redirectCount":0,"activationStart":0,"criticalCHRestart":0,"notRestoredReasons":null,"confidence":{"randomizedTriggerRate":0.4994798,"value":"high"}}],"id":"v5-1784083922312-9920074115584","navigationType":"navigate"}
installHook.js:1 Amplitude Logger [Warn]: [session-replay-browser] omitting selector "class*="EmployersDropdown-module__selectedEmployer"]" because it is invalid
overrideMethod @ installHook.js:1
installHook.js:1 Amplitude Logger [Warn]: [session-replay-browser] omitting selector "class*="EmployersDropdown-module__selectedEmployer"] *" because it is invalid
overrideMethod @ installHook.js:1
react-dom.production.min.js:82 Uncaught Error: Minified React error #418; visit https://reactjs.org/docs/error-decoder.html?invariant=418 for the full message or use the non-minified dev environment for full errors and additional helpful warnings.
react-dom.production.min.js:82 Uncaught Error: Minified React error #418; visit https://reactjs.org/docs/error-decoder.html?invariant=418 for the full message or use the non-minified dev environment for full errors and additional helpful warnings.
react-dom.production.min.js:82 Uncaught Error: Minified React error #418; visit https://reactjs.org/docs/error-decoder.html?invariant=418 for the full message or use the non-minified dev environment for full errors and additional helpful warnings.
react-dom.production.min.js:82 Uncaught Error: Minified React error #418; visit https://reactjs.org/docs/error-decoder.html?invariant=418 for the full message or use the non-minified dev environment for full errors and additional helpful warnings.
react-dom.production.min.js:82 Uncaught Error: Minified React error #418; visit https://reactjs.org/docs/error-decoder.html?invariant=418 for the full message or use the non-minified dev environment for full errors and additional helpful warnings.
react-dom.production.min.js:82 Uncaught Error: Minified React error #418; visit https://reactjs.org/docs/error-decoder.html?invariant=418 for the full message or use the non-minified dev environment for full errors and additional helpful warnings.
react-dom.production.min.js:82 Uncaught Error: Minified React error #418; visit https://reactjs.org/docs/error-decoder.html?invariant=418 for the full message or use the non-minified dev environment for full errors and additional helpful warnings.
react-dom.production.min.js:82 Uncaught Error: Minified React error #418; visit https://reactjs.org/docs/error-decoder.html?invariant=418 for the full message or use the non-minified dev environment for full errors and additional helpful warnings.
react-dom.production.min.js:252 Uncaught Error: Minified React error #423; visit https://reactjs.org/docs/error-decoder.html?invariant=423 for the full message or use the non-minified dev environment for full errors and additional helpful warnings.
VM2570:7 [Core Web Vitals] Flushing queue on visibilitychange (F)
VM2570:3 [Core Web Vitals] Parsing CWV entry
VM2570:4 [Core Web Vitals] Queue flushed (I)
canada-software-engineer-jobs-SRCH_IL.0,6_IN3_KO7,24.htm?fromAge=1&sortBy=date_desc:1 Access to fetch at 'https://fr.glassdoor.ca/job-listing/reactjs-developer-spectra-group-JV_KO0,17_KE18,31.htm?jl=1010199585358' from origin 'https://www.glassdoor.ca' has been blocked by CORS policy: Response to preflight request doesn't pass access control check: No 'Access-Control-Allow-Origin' header is present on the requested resource.
fr.glassdoor.ca/job-listing/reactjs-developer-spectra-group-JV_KO0,17_KE18,31.htm?jl=1010199585358:1  Failed to load resource: net::ERR_FAILED
fetch_jd.js:587 [JHA-Glassdoor] fetch_jd error for jl=1010199585358 url=https://fr.glassdoor.ca/job-listing/reactjs-developer-spectra-group-JV_KO0,17_KE18,31.htm?jl=1010199585358: Failed to fetch
fetchGlassdoorJD @ fetch_jd.js:587
canada-software-engineer-jobs-SRCH_IL.0,6_IN3_KO7,24.htm?fromAge=1&sortBy=date_desc:1 Access to fetch at 'https://fr.glassdoor.ca/job-listing/senior-staff-software-engineer-international-card-tech-full-stack-capital-one-JV_IC2281069_KO0,65_KE66,77.htm?jl=1010199493493' from origin 'https://www.glassdoor.ca' has been blocked by CORS policy: Response to preflight request doesn't pass access control check: No 'Access-Control-Allow-Origin' header is present on the requested resource.
fr.glassdoor.ca/job-listing/senior-staff-software-engineer-international-card-tech-full-stack-capital-one-JV_IC2281069_KO0,65_KE66,77.htm?jl=1010199493493:1  Failed to load resource: net::ERR_FAILED
fetch_jd.js:578 [JHA-Glassdoor] fetch_jd: attempt 1 failed for jl=1010199493493 url=https://fr.glassdoor.ca/job-listing/senior-staff-software-engineer-international-card-tech-full-stack-capital-one-JV_IC2281069_KO0,65_KE66,77.htm?jl=1010199493493 (TypeError) — retrying in 2s
fetchGlassdoorJD @ fetch_jd.js:578
The resource <URL> was preloaded using link preload but not used within a few seconds from the window's load event. Please make sure it has an appropriate `as` value and it is preloaded intentionally.
The resource <URL> was preloaded using link preload but not used within a few seconds from the window's load event. Please make sure it has an appropriate `as` value and it is preloaded intentionally.
The resource <URL> was preloaded using link preload but not used within a few seconds from the window's load event. Please make sure it has an appropriate `as` value and it is preloaded intentionally.
The resource <URL> was preloaded using link preload but not used within a few seconds from the window's load event. Please make sure it has an appropriate `as` value and it is preloaded intentionally.
The resource <URL> was preloaded using link preload but not used within a few seconds from the window's load event. Please make sure it has an appropriate `as` value and it is preloaded intentionally.
The resource <URL> was preloaded using link preload but not used within a few seconds from the window's load event. Please make sure it has an appropriate `as` value and it is preloaded intentionally.
The resource <URL> was preloaded using link preload but not used within a few seconds from the window's load event. Please make sure it has an appropriate `as` value and it is preloaded intentionally.
The resource <URL> was preloaded using link preload but not used within a few seconds from the window's load event. Please make sure it has an appropriate `as` value and it is preloaded intentionally.
The resource <URL> was preloaded using link preload but not used within a few seconds from the window's load event. Please make sure it has an appropriate `as` value and it is preloaded intentionally.
The resource <URL> was preloaded using link preload but not used within a few seconds from the window's load event. Please make sure it has an appropriate `as` value and it is preloaded intentionally.
canada-software-engineer-jobs-SRCH_IL.0,6_IN3_KO7,24.htm?fromAge=1&sortBy=date_desc:1 Access to fetch at 'https://fr.glassdoor.ca/job-listing/senior-staff-software-engineer-international-card-tech-full-stack-capital-one-JV_IC2281069_KO0,65_KE66,77.htm?jl=1010199493493' from origin 'https://www.glassdoor.ca' has been blocked by CORS policy: Response to preflight request doesn't pass access control check: No 'Access-Control-Allow-Origin' header is present on the requested resource.
fr.glassdoor.ca/job-listing/senior-staff-software-engineer-international-card-tech-full-stack-capital-one-JV_IC2281069_KO0,65_KE66,77.htm?jl=1010199493493:1  Failed to load resource: net::ERR_FAILED
fetch_jd.js:587 [JHA-Glassdoor] fetch_jd error for jl=1010199493493 url=https://fr.glassdoor.ca/job-listing/senior-staff-software-engineer-international-card-tech-full-stack-capital-one-JV_IC2281069_KO0,65_KE66,77.htm?jl=1010199493493: Failed to fetch
fetchGlassdoorJD @ fetch_jd.js:587
canada-software-engineer-jobs-SRCH_IL.0,6_IN3_KO7,24.htm?fromAge=1&sortBy=date_desc:1 Access to fetch at 'https://fr.glassdoor.ca/job-listing/staff-software-engineer-ios-capital-one-JV_KO0,27_KE28,39.htm?jl=1010199708206' from origin 'https://www.glassdoor.ca' has been blocked by CORS policy: Response to preflight request doesn't pass access control check: No 'Access-Control-Allow-Origin' header is present on the requested resource.
fr.glassdoor.ca/job-listing/staff-software-engineer-ios-capital-one-JV_KO0,27_KE28,39.htm?jl=1010199708206:1  Failed to load resource: net::ERR_FAILED
fetch_jd.js:578 [JHA-Glassdoor] fetch_jd: attempt 1 failed for jl=1010199708206 url=https://fr.glassdoor.ca/job-listing/staff-software-engineer-ios-capital-one-JV_KO0,27_KE28,39.htm?jl=1010199708206 (TypeError) — retrying in 2s
fetchGlassdoorJD @ fetch_jd.js:578
canada-software-engineer-jobs-SRCH_IL.0,6_IN3_KO7,24.htm?fromAge=1&sortBy=date_desc:1 Access to fetch at 'https://fr.glassdoor.ca/job-listing/staff-software-engineer-ios-capital-one-JV_KO0,27_KE28,39.htm?jl=1010199708206' from origin 'https://www.glassdoor.ca' has been blocked by CORS policy: Response to preflight request doesn't pass access control check: No 'Access-Control-Allow-Origin' header is present on the requested resource.
fr.glassdoor.ca/job-listing/staff-software-engineer-ios-capital-one-JV_KO0,27_KE28,39.htm?jl=1010199708206:1  Failed to load resource: net::ERR_FAILED
fetch_jd.js:587 [JHA-Glassdoor] fetch_jd error for jl=1010199708206 url=https://fr.glassdoor.ca/job-listing/staff-software-engineer-ios-capital-one-JV_KO0,27_KE28,39.htm?jl=1010199708206: Failed to fetch
fetchGlassdoorJD @ fetch_jd.js:587
canada-software-engineer-jobs-SRCH_IL.0,6_IN3_KO7,24.htm?fromAge=1&sortBy=date_desc:1 Access to fetch at 'https://fr.glassdoor.ca/job-listing/cnc-machinist-programmer-nova-staffing-JV_IC2280741_KO0,24_KE25,38.htm?jl=1010199995526' from origin 'https://www.glassdoor.ca' has been blocked by CORS policy: Response to preflight request doesn't pass access control check: No 'Access-Control-Allow-Origin' header is present on the requested resource.
fr.glassdoor.ca/job-listing/cnc-machinist-programmer-nova-staffing-JV_IC2280741_KO0,24_KE25,38.htm?jl=1010199995526:1  Failed to load resource: net::ERR_FAILED
fetch_jd.js:578 [JHA-Glassdoor] fetch_jd: attempt 1 failed for jl=1010199995526 url=https://fr.glassdoor.ca/job-listing/cnc-machinist-programmer-nova-staffing-JV_IC2280741_KO0,24_KE25,38.htm?jl=1010199995526 (TypeError) — retrying in 2s
fetchGlassdoorJD @ fetch_jd.js:578
canada-software-engineer-jobs-SRCH_IL.0,6_IN3_KO7,24.htm?fromAge=1&sortBy=date_desc:1 Access to fetch at 'https://fr.glassdoor.ca/job-listing/cnc-machinist-programmer-nova-staffing-JV_IC2280741_KO0,24_KE25,38.htm?jl=1010199995526' from origin 'https://www.glassdoor.ca' has been blocked by CORS policy: Response to preflight request doesn't pass access control check: No 'Access-Control-Allow-Origin' header is present on the requested resource.
fr.glassdoor.ca/job-listing/cnc-machinist-programmer-nova-staffing-JV_IC2280741_KO0,24_KE25,38.htm?jl=1010199995526:1  Failed to load resource: net::ERR_FAILED
fetch_jd.js:587 [JHA-Glassdoor] fetch_jd error for jl=1010199995526 url=https://fr.glassdoor.ca/job-listing/cnc-machinist-programmer-nova-staffing-JV_IC2280741_KO0,24_KE25,38.htm?jl=1010199995526: Failed to fetch
fetchGlassdoorJD @ fetch_jd.js:587
canada-software-engineer-jobs-SRCH_IL.0,6_IN3_KO7,24.htm?fromAge=1&sortBy=date_desc:1 Access to fetch at 'https://fr.glassdoor.ca/job-listing/snowflake-developer-medavie-blue-cross-JV_KO0,19_KE20,38.htm?jl=1010199988019' from origin 'https://www.glassdoor.ca' has been blocked by CORS policy: Response to preflight request doesn't pass access control check: No 'Access-Control-Allow-Origin' header is present on the requested resource.
fr.glassdoor.ca/job-listing/snowflake-developer-medavie-blue-cross-JV_KO0,19_KE20,38.htm?jl=1010199988019:1  Failed to load resource: net::ERR_FAILED
fetch_jd.js:578 [JHA-Glassdoor] fetch_jd: attempt 1 failed for jl=1010199988019 url=https://fr.glassdoor.ca/job-listing/snowflake-developer-medavie-blue-cross-JV_KO0,19_KE20,38.htm?jl=1010199988019 (TypeError) — retrying in 2s
fetchGlassdoorJD @ fetch_jd.js:578
canada-software-engineer-jobs-SRCH_IL.0,6_IN3_KO7,24.htm?fromAge=1&sortBy=date_desc:1 Access to fetch at 'https://fr.glassdoor.ca/job-listing/snowflake-developer-medavie-blue-cross-JV_KO0,19_KE20,38.htm?jl=1010199988019' from origin 'https://www.glassdoor.ca' has been blocked by CORS policy: Response to preflight request doesn't pass access control check: No 'Access-Control-Allow-Origin' header is present on the requested resource.
fr.glassdoor.ca/job-listing/snowflake-developer-medavie-blue-cross-JV_KO0,19_KE20,38.htm?jl=1010199988019:1  Failed to load resource: net::ERR_FAILED
fetch_jd.js:587 [JHA-Glassdoor] fetch_jd error for jl=1010199988019 url=https://fr.glassdoor.ca/job-listing/snowflake-developer-medavie-blue-cross-JV_KO0,19_KE20,38.htm?jl=1010199988019: Failed to fetch
fetchGlassdoorJD @ fetch_jd.js:587
canada-software-engineer-jobs-SRCH_IL.0,6_IN3_KO7,24.htm?fromAge=1&sortBy=date_desc:1 Access to fetch at 'https://fr.glassdoor.ca/job-listing/cnc-setup-programmer-nova-staffing-JV_KO0,20_KE21,34.htm?jl=1010199516674' from origin 'https://www.glassdoor.ca' has been blocked by CORS policy: Response to preflight request doesn't pass access control check: No 'Access-Control-Allow-Origin' header is present on the requested resource.
fr.glassdoor.ca/job-listing/cnc-setup-programmer-nova-staffing-JV_KO0,20_KE21,34.htm?jl=1010199516674:1  Failed to load resource: net::ERR_FAILED
fetch_jd.js:578 [JHA-Glassdoor] fetch_jd: attempt 1 failed for jl=1010199516674 url=https://fr.glassdoor.ca/job-listing/cnc-setup-programmer-nova-staffing-JV_KO0,20_KE21,34.htm?jl=1010199516674 (TypeError) — retrying in 2s
fetchGlassdoorJD @ fetch_jd.js:578
canada-software-engineer-jobs-SRCH_IL.0,6_IN3_KO7,24.htm?fromAge=1&sortBy=date_desc:1 Access to fetch at 'https://fr.glassdoor.ca/job-listing/cnc-setup-programmer-nova-staffing-JV_KO0,20_KE21,34.htm?jl=1010199516674' from origin 'https://www.glassdoor.ca' has been blocked by CORS policy: Response to preflight request doesn't pass access control check: No 'Access-Control-Allow-Origin' header is present on the requested resource.
fr.glassdoor.ca/job-listing/cnc-setup-programmer-nova-staffing-JV_KO0,20_KE21,34.htm?jl=1010199516674:1  Failed to load resource: net::ERR_FAILED
fetch_jd.js:587 [JHA-Glassdoor] fetch_jd error for jl=1010199516674 url=https://fr.glassdoor.ca/job-listing/cnc-setup-programmer-nova-staffing-JV_KO0,20_KE21,34.htm?jl=1010199516674: Failed to fetch
fetchGlassdoorJD @ fetch_jd.js:587
canada-software-engineer-jobs-SRCH_IL.0,6_IN3_KO7,24.htm?fromAge=1&sortBy=date_desc:1 Access to fetch at 'https://fr.glassdoor.ca/job-listing/aem-ajo-developer-tekstaff-JV_IC2281069_KO0,17_KE18,26.htm?jl=1010199517576' from origin 'https://www.glassdoor.ca' has been blocked by CORS policy: Response to preflight request doesn't pass access control check: No 'Access-Control-Allow-Origin' header is present on the requested resource.
fr.glassdoor.ca/job-listing/aem-ajo-developer-tekstaff-JV_IC2281069_KO0,17_KE18,26.htm?jl=1010199517576:1  Failed to load resource: net::ERR_FAILED
fetch_jd.js:578 [JHA-Glassdoor] fetch_jd: attempt 1 failed for jl=1010199517576 url=https://fr.glassdoor.ca/job-listing/aem-ajo-developer-tekstaff-JV_IC2281069_KO0,17_KE18,26.htm?jl=1010199517576 (TypeError) — retrying in 2s
fetchGlassdoorJD @ fetch_jd.js:578
canada-software-engineer-jobs-SRCH_IL.0,6_IN3_KO7,24.htm?fromAge=1&sortBy=date_desc:1 Access to fetch at 'https://fr.glassdoor.ca/job-listing/aem-ajo-developer-tekstaff-JV_IC2281069_KO0,17_KE18,26.htm?jl=1010199517576' from origin 'https://www.glassdoor.ca' has been blocked by CORS policy: Response to preflight request doesn't pass access control check: No 'Access-Control-Allow-Origin' header is present on the requested resource.
fetch_jd.js:417  GET https://fr.glassdoor.ca/job-listing/aem-ajo-developer-tekstaff-JV_IC2281069_KO0,17_KE18,26.htm?jl=1010199517576 net::ERR_FAILED
fetchGlassdoorJD @ fetch_jd.js:417
fetch_jd.js:587 [JHA-Glassdoor] fetch_jd error for jl=1010199517576 url=https://fr.glassdoor.ca/job-listing/aem-ajo-developer-tekstaff-JV_IC2281069_KO0,17_KE18,26.htm?jl=1010199517576: Failed to fetch
fetchGlassdoorJD @ fetch_jd.js:587
canada-software-engineer-jobs-SRCH_IL.0,6_IN3_KO7,24.htm?fromAge=1&sortBy=date_desc:1 Access to fetch at 'https://fr.glassdoor.ca/job-listing/coding-instructor-sensei-code-ninjas-south-calgary-JV_IC2275123_KO0,24_KE25,50.htm?jl=1010199876636' from origin 'https://www.glassdoor.ca' has been blocked by CORS policy: Response to preflight request doesn't pass access control check: No 'Access-Control-Allow-Origin' header is present on the requested resource.
fetch_jd.js:417  GET https://fr.glassdoor.ca/job-listing/coding-instructor-sensei-code-ninjas-south-calgary-JV_IC2275123_KO0,24_KE25,50.htm?jl=1010199876636 net::ERR_FAILED
fetchGlassdoorJD @ fetch_jd.js:417
processGlassdoorCard @ process.js:20
scanGlassdoorPage @ page.js:167
fetch_jd.js:578 [JHA-Glassdoor] fetch_jd: attempt 1 failed for jl=1010199876636 url=https://fr.glassdoor.ca/job-listing/coding-instructor-sensei-code-ninjas-south-calgary-JV_IC2275123_KO0,24_KE25,50.htm?jl=1010199876636 (TypeError) — retrying in 2s
fetchGlassdoorJD @ fetch_jd.js:578
await in fetchGlassdoorJD
processGlassdoorCard @ process.js:20
scanGlassdoorPage @ page.js:167
canada-software-engineer-jobs-SRCH_IL.0,6_IN3_KO7,24.htm?fromAge=1&sortBy=date_desc:1 Access to fetch at 'https://fr.glassdoor.ca/job-listing/coding-instructor-sensei-code-ninjas-south-calgary-JV_IC2275123_KO0,24_KE25,50.htm?jl=1010199876636' from origin 'https://www.glassdoor.ca' has been blocked by CORS policy: Response to preflight request doesn't pass access control check: No 'Access-Control-Allow-Origin' header is present on the requested resource.
fetch_jd.js:417  GET https://fr.glassdoor.ca/job-listing/coding-instructor-sensei-code-ninjas-south-calgary-JV_IC2275123_KO0,24_KE25,50.htm?jl=1010199876636 net::ERR_FAILED
fetchGlassdoorJD @ fetch_jd.js:417
await in fetchGlassdoorJD
processGlassdoorCard @ process.js:20
scanGlassdoorPage @ page.js:167
fetch_jd.js:587 [JHA-Glassdoor] fetch_jd error for jl=1010199876636 url=https://fr.glassdoor.ca/job-listing/coding-instructor-sensei-code-ninjas-south-calgary-JV_IC2275123_KO0,24_KE25,50.htm?jl=1010199876636: Failed to fetch
fetchGlassdoorJD @ fetch_jd.js:587
await in fetchGlassdoorJD
processGlassdoorCard @ process.js:20
scanGlassdoorPage @ page.js:167
canada-software-engineer-jobs-SRCH_IL.0,6_IN3_KO7,24.htm?fromAge=1&sortBy=date_desc:1 Access to fetch at 'https://fr.glassdoor.ca/job-listing/software-development-manager-loblaw-digital-JV_KO0,28_KE29,43.htm?jl=1010200024186' from origin 'https://www.glassdoor.ca' has been blocked by CORS policy: Response to preflight request doesn't pass access control check: No 'Access-Control-Allow-Origin' header is present on the requested resource.
fetch_jd.js:417  GET https://fr.glassdoor.ca/job-listing/software-development-manager-loblaw-digital-JV_KO0,28_KE29,43.htm?jl=1010200024186 net::ERR_FAILED
fetchGlassdoorJD @ fetch_jd.js:417
processGlassdoorCard @ process.js:20
scanGlassdoorPage @ page.js:167
fetch_jd.js:578 [JHA-Glassdoor] fetch_jd: attempt 1 failed for jl=1010200024186 url=https://fr.glassdoor.ca/job-listing/software-development-manager-loblaw-digital-JV_KO0,28_KE29,43.htm?jl=1010200024186 (TypeError) — retrying in 2s
fetchGlassdoorJD @ fetch_jd.js:578
await in fetchGlassdoorJD
processGlassdoorCard @ process.js:20
scanGlassdoorPage @ page.js:167
canada-software-engineer-jobs-SRCH_IL.0,6_IN3_KO7,24.htm?fromAge=1&sortBy=date_desc:1 Access to fetch at 'https://fr.glassdoor.ca/job-listing/software-development-manager-loblaw-digital-JV_KO0,28_KE29,43.htm?jl=1010200024186' from origin 'https://www.glassdoor.ca' has been blocked by CORS policy: Response to preflight request doesn't pass access control check: No 'Access-Control-Allow-Origin' header is present on the requested resource.
fetch_jd.js:417  GET https://fr.glassdoor.ca/job-listing/software-development-manager-loblaw-digital-JV_KO0,28_KE29,43.htm?jl=1010200024186 net::ERR_FAILED
fetchGlassdoorJD @ fetch_jd.js:417
await in fetchGlassdoorJD
processGlassdoorCard @ process.js:20
scanGlassdoorPage @ page.js:167
fetch_jd.js:587 [JHA-Glassdoor] fetch_jd error for jl=1010200024186 url=https://fr.glassdoor.ca/job-listing/software-development-manager-loblaw-digital-JV_KO0,28_KE29,43.htm?jl=1010200024186: Failed to fetch
fetchGlassdoorJD @ fetch_jd.js:587
await in fetchGlassdoorJD
processGlassdoorCard @ process.js:20
scanGlassdoorPage @ page.js:167
canada-software-engineer-jobs-SRCH_IL.0,6_IN3_KO7,24.htm?fromAge=1&sortBy=date_desc:1 Access to fetch at 'https://fr.glassdoor.ca/job-listing/software-engineer-scotiabank-JV_IC2281069_KO0,17_KE18,28.htm?jl=1010200079620' from origin 'https://www.glassdoor.ca' has been blocked by CORS policy: Response to preflight request doesn't pass access control check: No 'Access-Control-Allow-Origin' header is present on the requested resource.
fetch_jd.js:417  GET https://fr.glassdoor.ca/job-listing/software-engineer-scotiabank-JV_IC2281069_KO0,17_KE18,28.htm?jl=1010200079620 net::ERR_FAILED
fetchGlassdoorJD @ fetch_jd.js:417
processGlassdoorCard @ process.js:20
scanGlassdoorPage @ page.js:167
fetch_jd.js:578 [JHA-Glassdoor] fetch_jd: attempt 1 failed for jl=1010200079620 url=https://fr.glassdoor.ca/job-listing/software-engineer-scotiabank-JV_IC2281069_KO0,17_KE18,28.htm?jl=1010200079620 (TypeError) — retrying in 2s
fetchGlassdoorJD @ fetch_jd.js:578
await in fetchGlassdoorJD
processGlassdoorCard @ process.js:20
scanGlassdoorPage @ page.js:167
canada-software-engineer-jobs-SRCH_IL.0,6_IN3_KO7,24.htm?fromAge=1&sortBy=date_desc:1 Access to fetch at 'https://fr.glassdoor.ca/job-listing/software-engineer-scotiabank-JV_IC2281069_KO0,17_KE18,28.htm?jl=1010200079620' from origin 'https://www.glassdoor.ca' has been blocked by CORS policy: Response to preflight request doesn't pass access control check: No 'Access-Control-Allow-Origin' header is present on the requested resource.
fetch_jd.js:417  GET https://fr.glassdoor.ca/job-listing/software-engineer-scotiabank-JV_IC2281069_KO0,17_KE18,28.htm?jl=1010200079620 net::ERR_FAILED
fetchGlassdoorJD @ fetch_jd.js:417
await in fetchGlassdoorJD
processGlassdoorCard @ process.js:20
scanGlassdoorPage @ page.js:167
fetch_jd.js:587 [JHA-Glassdoor] fetch_jd error for jl=1010200079620 url=https://fr.glassdoor.ca/job-listing/software-engineer-scotiabank-JV_IC2281069_KO0,17_KE18,28.htm?jl=1010200079620: Failed to fetch
fetchGlassdoorJD @ fetch_jd.js:587
await in fetchGlassdoorJD
processGlassdoorCard @ process.js:20
scanGlassdoorPage @ page.js:167
canada-software-engineer-jobs-SRCH_IL.0,6_IN3_KO7,24.htm?fromAge=1&sortBy=date_desc:1 Access to fetch at 'https://fr.glassdoor.ca/job-listing/software-engineer-electronic-arts-JV_KO0,17_KE18,33.htm?jl=1010199970445' from origin 'https://www.glassdoor.ca' has been blocked by CORS policy: Response to preflight request doesn't pass access control check: No 'Access-Control-Allow-Origin' header is present on the requested resource.
fetch_jd.js:417  GET https://fr.glassdoor.ca/job-listing/software-engineer-electronic-arts-JV_KO0,17_KE18,33.htm?jl=1010199970445 net::ERR_FAILED
fetchGlassdoorJD @ fetch_jd.js:417
processGlassdoorCard @ process.js:20
scanGlassdoorPage @ page.js:167
fetch_jd.js:578 [JHA-Glassdoor] fetch_jd: attempt 1 failed for jl=1010199970445 url=https://fr.glassdoor.ca/job-listing/software-engineer-electronic-arts-JV_KO0,17_KE18,33.htm?jl=1010199970445 (TypeError) — retrying in 2s
fetchGlassdoorJD @ fetch_jd.js:578
await in fetchGlassdoorJD
processGlassdoorCard @ process.js:20
scanGlassdoorPage @ page.js:167
canada-software-engineer-jobs-SRCH_IL.0,6_IN3_KO7,24.htm?fromAge=1&sortBy=date_desc:1 Access to fetch at 'https://fr.glassdoor.ca/job-listing/software-engineer-electronic-arts-JV_KO0,17_KE18,33.htm?jl=1010199970445' from origin 'https://www.glassdoor.ca' has been blocked by CORS policy: Response to preflight request doesn't pass access control check: No 'Access-Control-Allow-Origin' header is present on the requested resource.
fetch_jd.js:417  GET https://fr.glassdoor.ca/job-listing/software-engineer-electronic-arts-JV_KO0,17_KE18,33.htm?jl=1010199970445 net::ERR_FAILED
fetchGlassdoorJD @ fetch_jd.js:417
await in fetchGlassdoorJD
processGlassdoorCard @ process.js:20
scanGlassdoorPage @ page.js:167
fetch_jd.js:587 [JHA-Glassdoor] fetch_jd error for jl=1010199970445 url=https://fr.glassdoor.ca/job-listing/software-engineer-electronic-arts-JV_KO0,17_KE18,33.htm?jl=1010199970445: Failed to fetch
fetchGlassdoorJD @ fetch_jd.js:587
await in fetchGlassdoorJD
processGlassdoorCard @ process.js:20
scanGlassdoorPage @ page.js:167
canada-software-engineer-jobs-SRCH_IL.0,6_IN3_KO7,24.htm?fromAge=1&sortBy=date_desc:1 Access to fetch at 'https://fr.glassdoor.ca/job-listing/developer-software-6-month-contract-fct-JV_KO0,35_KE36,39.htm?jl=1010199857479' from origin 'https://www.glassdoor.ca' has been blocked by CORS policy: Response to preflight request doesn't pass access control check: No 'Access-Control-Allow-Origin' header is present on the requested resource.
fetch_jd.js:417  GET https://fr.glassdoor.ca/job-listing/developer-software-6-month-contract-fct-JV_KO0,35_KE36,39.htm?jl=1010199857479 net::ERR_FAILED
fetchGlassdoorJD @ fetch_jd.js:417
processGlassdoorCard @ process.js:20
scanGlassdoorPage @ page.js:167
fetch_jd.js:578 [JHA-Glassdoor] fetch_jd: attempt 1 failed for jl=1010199857479 url=https://fr.glassdoor.ca/job-listing/developer-software-6-month-contract-fct-JV_KO0,35_KE36,39.htm?jl=1010199857479 (TypeError) — retrying in 2s
fetchGlassdoorJD @ fetch_jd.js:578
await in fetchGlassdoorJD
processGlassdoorCard @ process.js:20
scanGlassdoorPage @ page.js:167
canada-software-engineer-jobs-SRCH_IL.0,6_IN3_KO7,24.htm?fromAge=1&sortBy=date_desc:1 Access to fetch at 'https://fr.glassdoor.ca/job-listing/developer-software-6-month-contract-fct-JV_KO0,35_KE36,39.htm?jl=1010199857479' from origin 'https://www.glassdoor.ca' has been blocked by CORS policy: Response to preflight request doesn't pass access control check: No 'Access-Control-Allow-Origin' header is present on the requested resource.
fetch_jd.js:417  GET https://fr.glassdoor.ca/job-listing/developer-software-6-month-contract-fct-JV_KO0,35_KE36,39.htm?jl=1010199857479 net::ERR_FAILED
fetchGlassdoorJD @ fetch_jd.js:417
await in fetchGlassdoorJD
processGlassdoorCard @ process.js:20
scanGlassdoorPage @ page.js:167
fetch_jd.js:587 [JHA-Glassdoor] fetch_jd error for jl=1010199857479 url=https://fr.glassdoor.ca/job-listing/developer-software-6-month-contract-fct-JV_KO0,35_KE36,39.htm?jl=1010199857479: Failed to fetch
fetchGlassdoorJD @ fetch_jd.js:587
await in fetchGlassdoorJD
processGlassdoorCard @ process.js:20
scanGlassdoorPage @ page.js:167
canada-software-engineer-jobs-SRCH_IL.0,6_IN3_KO7,24.htm?fromAge=1&sortBy=date_desc:1 Access to fetch at 'https://fr.glassdoor.ca/job-listing/senior-full-stack-developer-colab-software-JV_IC4034417_KO0,27_KE28,42.htm?jl=1010199701645' from origin 'https://www.glassdoor.ca' has been blocked by CORS policy: Response to preflight request doesn't pass access control check: No 'Access-Control-Allow-Origin' header is present on the requested resource.
fetch_jd.js:417  GET https://fr.glassdoor.ca/job-listing/senior-full-stack-developer-colab-software-JV_IC4034417_KO0,27_KE28,42.htm?jl=1010199701645 net::ERR_FAILED
fetchGlassdoorJD @ fetch_jd.js:417
processGlassdoorCard @ process.js:20
scanGlassdoorPage @ page.js:167
fetch_jd.js:578 [JHA-Glassdoor] fetch_jd: attempt 1 failed for jl=1010199701645 url=https://fr.glassdoor.ca/job-listing/senior-full-stack-developer-colab-software-JV_IC4034417_KO0,27_KE28,42.htm?jl=1010199701645 (TypeError) — retrying in 2s
fetchGlassdoorJD @ fetch_jd.js:578
await in fetchGlassdoorJD
processGlassdoorCard @ process.js:20
scanGlassdoorPage @ page.js:167
canada-software-engineer-jobs-SRCH_IL.0,6_IN3_KO7,24.htm?fromAge=1&sortBy=date_desc:1 Access to fetch at 'https://fr.glassdoor.ca/job-listing/senior-full-stack-developer-colab-software-JV_IC4034417_KO0,27_KE28,42.htm?jl=1010199701645' from origin 'https://www.glassdoor.ca' has been blocked by CORS policy: Response to preflight request doesn't pass access control check: No 'Access-Control-Allow-Origin' header is present on the requested resource.
fetch_jd.js:417  GET https://fr.glassdoor.ca/job-listing/senior-full-stack-developer-colab-software-JV_IC4034417_KO0,27_KE28,42.htm?jl=1010199701645 net::ERR_FAILED
fetchGlassdoorJD @ fetch_jd.js:417
await in fetchGlassdoorJD
processGlassdoorCard @ process.js:20
scanGlassdoorPage @ page.js:167
fetch_jd.js:587 [JHA-Glassdoor] fetch_jd error for jl=1010199701645 url=https://fr.glassdoor.ca/job-listing/senior-full-stack-developer-colab-software-JV_IC4034417_KO0,27_KE28,42.htm?jl=1010199701645: Failed to fetch
fetchGlassdoorJD @ fetch_jd.js:587
await in fetchGlassdoorJD
processGlassdoorCard @ process.js:20
scanGlassdoorPage @ page.js:167
canada-software-engineer-jobs-SRCH_IL.0,6_IN3_KO7,24.htm?fromAge=1&sortBy=date_desc:1 Access to fetch at 'https://fr.glassdoor.ca/job-listing/software-development-engineer-aws-cloudwatch-amazon-JV_KO0,44_KE45,51.htm?jl=1010199947305' from origin 'https://www.glassdoor.ca' has been blocked by CORS policy: Response to preflight request doesn't pass access control check: No 'Access-Control-Allow-Origin' header is present on the requested resource.
fetch_jd.js:417  GET https://fr.glassdoor.ca/job-listing/software-development-engineer-aws-cloudwatch-amazon-JV_KO0,44_KE45,51.htm?jl=1010199947305 net::ERR_FAILED
fetchGlassdoorJD @ fetch_jd.js:417
processGlassdoorCard @ process.js:20
scanGlassdoorPage @ page.js:167
fetch_jd.js:578 [JHA-Glassdoor] fetch_jd: attempt 1 failed for jl=1010199947305 url=https://fr.glassdoor.ca/job-listing/software-development-engineer-aws-cloudwatch-amazon-JV_KO0,44_KE45,51.htm?jl=1010199947305 (TypeError) — retrying in 2s
fetchGlassdoorJD @ fetch_jd.js:578
await in fetchGlassdoorJD
processGlassdoorCard @ process.js:20
scanGlassdoorPage @ page.js:167
canada-software-engineer-jobs-SRCH_IL.0,6_IN3_KO7,24.htm?fromAge=1&sortBy=date_desc:1 Access to fetch at 'https://fr.glassdoor.ca/job-listing/software-development-engineer-aws-cloudwatch-amazon-JV_KO0,44_KE45,51.htm?jl=1010199947305' from origin 'https://www.glassdoor.ca' has been blocked by CORS policy: Response to preflight request doesn't pass access control check: No 'Access-Control-Allow-Origin' header is present on the requested resource.
fetch_jd.js:417  GET https://fr.glassdoor.ca/job-listing/software-development-engineer-aws-cloudwatch-amazon-JV_KO0,44_KE45,51.htm?jl=1010199947305 net::ERR_FAILED
fetchGlassdoorJD @ fetch_jd.js:417
await in fetchGlassdoorJD
processGlassdoorCard @ process.js:20
scanGlassdoorPage @ page.js:167
fetch_jd.js:587 [JHA-Glassdoor] fetch_jd error for jl=1010199947305 url=https://fr.glassdoor.ca/job-listing/software-development-engineer-aws-cloudwatch-amazon-JV_KO0,44_KE45,51.htm?jl=1010199947305: Failed to fetch
fetchGlassdoorJD @ fetch_jd.js:587
await in fetchGlassdoorJD
processGlassdoorCard @ process.js:20
scanGlassdoorPage @ page.js:167
canada-software-engineer-jobs-SRCH_IL.0,6_IN3_KO7,24.htm?fromAge=1&sortBy=date_desc:1 Access to fetch at 'https://fr.glassdoor.ca/job-listing/machine-learning-developer-cognizant-technology-solutions-JV_IC2281069_KO0,26_KE27,57.htm?jl=1010199882632' from origin 'https://www.glassdoor.ca' has been blocked by CORS policy: Response to preflight request doesn't pass access control check: No 'Access-Control-Allow-Origin' header is present on the requested resource.
fetch_jd.js:417  GET https://fr.glassdoor.ca/job-listing/machine-learning-developer-cognizant-technology-solutions-JV_IC2281069_KO0,26_KE27,57.htm?jl=1010199882632 net::ERR_FAILED
fetchGlassdoorJD @ fetch_jd.js:417
processGlassdoorCard @ process.js:20
scanGlassdoorPage @ page.js:167
fetch_jd.js:578 [JHA-Glassdoor] fetch_jd: attempt 1 failed for jl=1010199882632 url=https://fr.glassdoor.ca/job-listing/machine-learning-developer-cognizant-technology-solutions-JV_IC2281069_KO0,26_KE27,57.htm?jl=1010199882632 (TypeError) — retrying in 2s
fetchGlassdoorJD @ fetch_jd.js:578
await in fetchGlassdoorJD
processGlassdoorCard @ process.js:20
scanGlassdoorPage @ page.js:167
canada-software-engineer-jobs-SRCH_IL.0,6_IN3_KO7,24.htm?fromAge=1&sortBy=date_desc:1 Access to fetch at 'https://fr.glassdoor.ca/job-listing/machine-learning-developer-cognizant-technology-solutions-JV_IC2281069_KO0,26_KE27,57.htm?jl=1010199882632' from origin 'https://www.glassdoor.ca' has been blocked by CORS policy: Response to preflight request doesn't pass access control check: No 'Access-Control-Allow-Origin' header is present on the requested resource.
fetch_jd.js:417  GET https://fr.glassdoor.ca/job-listing/machine-learning-developer-cognizant-technology-solutions-JV_IC2281069_KO0,26_KE27,57.htm?jl=1010199882632 net::ERR_FAILED
fetchGlassdoorJD @ fetch_jd.js:417
await in fetchGlassdoorJD
processGlassdoorCard @ process.js:20
scanGlassdoorPage @ page.js:167
fetch_jd.js:587 [JHA-Glassdoor] fetch_jd error for jl=1010199882632 url=https://fr.glassdoor.ca/job-listing/machine-learning-developer-cognizant-technology-solutions-JV_IC2281069_KO0,26_KE27,57.htm?jl=1010199882632: Failed to fetch
fetchGlassdoorJD @ fetch_jd.js:587
await in fetchGlassdoorJD
processGlassdoorCard @ process.js:20
scanGlassdoorPage @ page.js:167
canada-software-engineer-jobs-SRCH_IL.0,6_IN3_KO7,24.htm?fromAge=1&sortBy=date_desc:1 Access to fetch at 'https://fr.glassdoor.ca/job-listing/full-stack-ai-product-engineer-cheil-worldwide-JV_IC2280741_KO0,30_KE31,46.htm?jl=1010200056752' from origin 'https://www.glassdoor.ca' has been blocked by CORS policy: Response to preflight request doesn't pass access control check: No 'Access-Control-Allow-Origin' header is present on the requested resource.
fetch_jd.js:417  GET https://fr.glassdoor.ca/job-listing/full-stack-ai-product-engineer-cheil-worldwide-JV_IC2280741_KO0,30_KE31,46.htm?jl=1010200056752 net::ERR_FAILED
fetchGlassdoorJD @ fetch_jd.js:417
processGlassdoorCard @ process.js:20
scanGlassdoorPage @ page.js:167
fetch_jd.js:578 [JHA-Glassdoor] fetch_jd: attempt 1 failed for jl=1010200056752 url=https://fr.glassdoor.ca/job-listing/full-stack-ai-product-engineer-cheil-worldwide-JV_IC2280741_KO0,30_KE31,46.htm?jl=1010200056752 (TypeError) — retrying in 2s
fetchGlassdoorJD @ fetch_jd.js:578
await in fetchGlassdoorJD
processGlassdoorCard @ process.js:20
scanGlassdoorPage @ page.js:167
